2020-05-21 17:32:29 [INFO] Starting minecraft server version 1.2.5
2020-05-21 17:32:29 [INFO] Loading properties
2020-05-21 17:32:29 [WARNING] server.properties does not exist
2020-05-21 17:32:29 [INFO] Generating new properties file
2020-05-21 17:32:29 [INFO] Starting Minecraft server on *:25565
2020-05-21 17:32:29 [WARNING] Failed to load ban list: java.io.FileNotFoundException: banned-players.txt (No such file or directory)
2020-05-21 17:32:29 [WARNING] Failed to load ip ban list: java.io.FileNotFoundException: banned-ips.txt (No such file or directory)
2020-05-21 17:32:29 [WARNING] Failed to load operators list: java.io.FileNotFoundException: ops.txt (No such file or directory)
2020-05-21 17:32:29 [WARNING] Failed to load white-list: java.io.FileNotFoundException: white-list.txt (No such file or directory)
2020-05-21 17:32:29 [INFO] Preparing level "world"
2020-05-21 17:32:29 [INFO] Default game type: 0
2020-05-21 17:32:29 [INFO] Preparing start region for level 0
2020-05-21 17:32:30 [INFO] Preparing spawn area: 3%
2020-05-21 17:32:31 [INFO] Preparing spawn area: 4%
2020-05-21 17:32:32 [INFO] Preparing spawn area: 8%
2020-05-21 17:32:33 [INFO] Preparing spawn area: 12%
2020-05-21 17:32:34 [INFO] Preparing spawn area: 20%
2020-05-21 17:32:35 [INFO] Preparing spawn area: 32%
2020-05-21 17:32:36 [INFO] Preparing spawn area: 40%
2020-05-21 17:32:37 [INFO] Preparing spawn area: 57%
2020-05-21 17:32:38 [INFO] Preparing spawn area: 69%
2020-05-21 17:32:40 [INFO] Preparing spawn area: 93%
2020-05-21 17:32:40 [INFO] Done (10.767s)! For help, type "help" or "?"
2020-05-21 17:33:16 [INFO] MR_RED_ [/90.190.27.123:61825] logged in with entity id 7479 at (165.5, 74.62000000476837, 241.5)
2020-05-21 17:33:30 [INFO] Unknown console command. Type "help" for help.
2020-05-21 17:33:35 [INFO] To run the server without a gui, start it like this:
2020-05-21 17:33:35 [INFO]    java -Xmx1024M -Xms1024M -jar minecraft_server.jar nogui
2020-05-21 17:33:35 [INFO] Console commands:
2020-05-21 17:33:35 [INFO]    help  or  ?               shows this message
2020-05-21 17:33:35 [INFO]    kick <player>             removes a player from the server
2020-05-21 17:33:35 [INFO]    ban <player>              bans a player from the server
2020-05-21 17:33:35 [INFO]    pardon <player>           pardons a banned player so that they can connect again
2020-05-21 17:33:35 [INFO]    ban-ip <ip>               bans an IP address from the server
2020-05-21 17:33:35 [INFO]    pardon-ip <ip>            pardons a banned IP address so that they can connect again
2020-05-21 17:33:35 [INFO]    op <player>               turns a player into an op
2020-05-21 17:33:35 [INFO]    deop <player>             removes op status from a player
2020-05-21 17:33:35 [INFO]    tp <player1> <player2>    moves one player to the same location as another player
2020-05-21 17:33:35 [INFO]    give <player> <id> [num]  gives a player a resource
2020-05-21 17:33:35 [INFO]    tell <player> <message>   sends a private message to a player
2020-05-21 17:33:35 [INFO]    stop                      gracefully stops the server
2020-05-21 17:33:35 [INFO]    save-all                  forces a server-wide level save
2020-05-21 17:33:35 [INFO]    save-off                  disables terrain saving (useful for backup scripts)
2020-05-21 17:33:35 [INFO]    save-on                   re-enables terrain saving
2020-05-21 17:33:35 [INFO]    list                      lists all currently connected players
2020-05-21 17:33:35 [INFO]    say <message>             broadcasts a message to all players
2020-05-21 17:33:35 [INFO]    time <add|set> <amount>   adds to or sets the world time (0-24000)
2020-05-21 17:33:35 [INFO]    gamemode <player> <mode>  sets player's game mode (0 or 1)
2020-05-21 17:33:35 [INFO]    toggledownfall            toggles rain on or off
2020-05-21 17:33:35 [INFO]    xp <player> <amount>      gives the player the amount of xp (0-5000)
2020-05-21 17:33:42 [INFO] leg_fish [/90.190.202.163:11365] logged in with entity id 8378 at (170.5, 73.62000000476837, 233.5)
2020-05-21 17:33:47 [INFO] [CONSOLE] jou
2020-05-21 17:34:32 [INFO] Starting minecraft server version 1.2.5
2020-05-21 17:34:32 [INFO] Loading properties
2020-05-21 17:34:32 [INFO] Starting Minecraft server on *:25565
2020-05-21 17:34:32 [INFO] Preparing level "world"
2020-05-21 17:34:32 [INFO] Default game type: 0
2020-05-21 17:34:32 [INFO] Preparing start region for level 0
2020-05-21 17:34:33 [INFO] Preparing spawn area: 0%
2020-05-21 17:34:34 [INFO] Preparing spawn area: 4%
2020-05-21 17:34:35 [INFO] Preparing spawn area: 12%
2020-05-21 17:34:36 [INFO] Preparing spawn area: 24%
2020-05-21 17:34:37 [INFO] Preparing spawn area: 32%
2020-05-21 17:34:38 [INFO] Preparing spawn area: 44%
2020-05-21 17:34:39 [INFO] Preparing spawn area: 65%
2020-05-21 17:34:40 [INFO] Preparing spawn area: 93%
2020-05-21 17:34:41 [INFO] Done (8.460s)! For help, type "help" or "?"
2020-05-21 17:34:44 [INFO] MR_RED_ [/90.190.27.123:62092] logged in with entity id 686 at (9.5, 79.62000000476837, 0.5)
2020-05-21 17:34:49 [INFO] leg_fish [/90.190.202.163:11370] logged in with entity id 2294 at (3.5, 80.62000000476837, 7.5)
2020-05-21 17:35:31 [INFO] To run the server without a gui, start it like this:
2020-05-21 17:35:31 [INFO]    java -Xmx1024M -Xms1024M -jar minecraft_server.jar nogui
2020-05-21 17:35:31 [INFO] Console commands:
2020-05-21 17:35:31 [INFO]    help  or  ?               shows this message
2020-05-21 17:35:31 [INFO]    kick <player>             removes a player from the server
2020-05-21 17:35:31 [INFO]    ban <player>              bans a player from the server
2020-05-21 17:35:31 [INFO]    pardon <player>           pardons a banned player so that they can connect again
2020-05-21 17:35:31 [INFO]    ban-ip <ip>               bans an IP address from the server
2020-05-21 17:35:31 [INFO]    pardon-ip <ip>            pardons a banned IP address so that they can connect again
2020-05-21 17:35:31 [INFO]    op <player>               turns a player into an op
2020-05-21 17:35:31 [INFO]    deop <player>             removes op status from a player
2020-05-21 17:35:31 [INFO]    tp <player1> <player2>    moves one player to the same location as another player
2020-05-21 17:35:31 [INFO]    give <player> <id> [num]  gives a player a resource
2020-05-21 17:35:31 [INFO]    tell <player> <message>   sends a private message to a player
2020-05-21 17:35:31 [INFO]    stop                      gracefully stops the server
2020-05-21 17:35:31 [INFO]    save-all                  forces a server-wide level save
2020-05-21 17:35:31 [INFO]    save-off                  disables terrain saving (useful for backup scripts)
2020-05-21 17:35:31 [INFO]    save-on                   re-enables terrain saving
2020-05-21 17:35:31 [INFO]    list                      lists all currently connected players
2020-05-21 17:35:31 [INFO]    say <message>             broadcasts a message to all players
2020-05-21 17:35:31 [INFO]    time <add|set> <amount>   adds to or sets the world time (0-24000)
2020-05-21 17:35:31 [INFO]    gamemode <player> <mode>  sets player's game mode (0 or 1)
2020-05-21 17:35:31 [INFO]    toggledownfall            toggles rain on or off
2020-05-21 17:35:31 [INFO]    xp <player> <amount>      gives the player the amount of xp (0-5000)
2020-05-21 17:35:57 [INFO] CONSOLE: Forcing save..
2020-05-21 17:35:58 [INFO] CONSOLE: Save complete.
2020-05-21 17:36:10 [INFO] Starting minecraft server version 1.2.5
2020-05-21 17:36:10 [INFO] Loading properties
2020-05-21 17:36:10 [INFO] Starting Minecraft server on *:25565
2020-05-21 17:36:10 [INFO] Preparing level "world"
2020-05-21 17:36:10 [INFO] Default game type: 0
2020-05-21 17:36:10 [INFO] Preparing start region for level 0
2020-05-21 17:36:11 [INFO] Done (0.911s)! For help, type "help" or "?"
2020-05-21 17:36:33 [INFO] MR_RED_ [/90.190.27.123:62414] logged in with entity id 393 at (12.28125, 82.0, 22.28125)
2020-05-21 17:36:38 [INFO] leg_fish [/90.190.202.163:11374] logged in with entity id 407 at (17.36435586458089, 82.0, 22.221827232100672)
2020-05-21 17:37:31 [INFO] CONSOLE: Enabling level saving..
2020-05-21 17:37:57 [INFO] Unknown console command. Type "help" for help.
2020-05-21 17:38:06 [INFO] [CONSOLE] h
2020-05-21 17:39:00 [INFO] CONSOLE: Giving MR_RED_ some 64
2020-05-21 17:40:31 [INFO] <leg_fish> yo
2020-05-21 17:40:53 [INFO] CONSOLE: Giving leg_fish some 46
2020-05-21 17:42:37 [INFO] Unknown console command. Type "help" for help.
2020-05-21 17:43:05 [INFO] Unknown console command. Type "help" for help.
2020-05-21 17:43:09 [INFO] Unknown console command. Type "help" for help.
2020-05-21 17:43:43 [INFO] CONSOLE: Set time to 1000
2020-05-21 17:44:04 [INFO] CONSOLE: Opping leg_fish
2020-05-21 17:44:38 [INFO] CONSOLE: Setting leg_fish to game mode 1
2020-05-21 17:45:20 [INFO] CONSOLE: Setting leg_fish to game mode 0
2020-05-21 17:45:39 [INFO] Unknown console command. Type "help" for help.
2020-05-21 17:48:01 [INFO] To run the server without a gui, start it like this:
2020-05-21 17:48:01 [INFO]    java -Xmx1024M -Xms1024M -jar minecraft_server.jar nogui
2020-05-21 17:48:01 [INFO] Console commands:
2020-05-21 17:48:01 [INFO]    help  or  ?               shows this message
2020-05-21 17:48:01 [INFO]    kick <player>             removes a player from the server
2020-05-21 17:48:01 [INFO]    ban <player>              bans a player from the server
2020-05-21 17:48:01 [INFO]    pardon <player>           pardons a banned player so that they can connect again
2020-05-21 17:48:01 [INFO]    ban-ip <ip>               bans an IP address from the server
2020-05-21 17:48:01 [INFO]    pardon-ip <ip>            pardons a banned IP address so that they can connect again
2020-05-21 17:48:01 [INFO]    op <player>               turns a player into an op
2020-05-21 17:48:01 [INFO]    deop <player>             removes op status from a player
2020-05-21 17:48:01 [INFO]    tp <player1> <player2>    moves one player to the same location as another player
2020-05-21 17:48:01 [INFO]    give <player> <id> [num]  gives a player a resource
2020-05-21 17:48:01 [INFO]    tell <player> <message>   sends a private message to a player
2020-05-21 17:48:01 [INFO]    stop                      gracefully stops the server
2020-05-21 17:48:01 [INFO]    save-all                  forces a server-wide level save
2020-05-21 17:48:01 [INFO]    save-off                  disables terrain saving (useful for backup scripts)
2020-05-21 17:48:01 [INFO]    save-on                   re-enables terrain saving
2020-05-21 17:48:01 [INFO]    list                      lists all currently connected players
2020-05-21 17:48:01 [INFO]    say <message>             broadcasts a message to all players
2020-05-21 17:48:01 [INFO]    time <add|set> <amount>   adds to or sets the world time (0-24000)
2020-05-21 17:48:01 [INFO]    gamemode <player> <mode>  sets player's game mode (0 or 1)
2020-05-21 17:48:01 [INFO]    toggledownfall            toggles rain on or off
2020-05-21 17:48:01 [INFO]    xp <player> <amount>      gives the player the amount of xp (0-5000)
2020-05-21 17:48:35 [INFO] CONSOLE: Giving 5000 orbs to MR_RED_
2020-05-21 17:50:33 [INFO] Syntax error, please provide a source and a target.
2020-05-21 17:50:36 [INFO] Unknown console command. Type "help" for help.
2020-05-21 17:50:40 [INFO] Unknown console command. Type "help" for help.
2020-05-21 17:51:30 [INFO] Unknown console command. Type "help" for help.
2020-05-21 17:51:41 [INFO] Can't find user a
2020-05-21 17:51:54 [INFO] Can't find user -a
2020-05-21 17:52:27 [INFO] [CONSOLE->MR_RE_] nigger
2020-05-21 17:52:27 [INFO] ยง7CONSOLE whispers nigger
2020-05-21 17:52:27 [INFO] There's no player by that name online.
2020-05-21 17:52:50 [INFO] [CONSOLE->MR_RED_] nigger
2020-05-21 17:52:50 [INFO] ยง7CONSOLE whispers nigger
2020-05-21 17:53:33 [INFO] To run the server without a gui, start it like this:
2020-05-21 17:53:33 [INFO]    java -Xmx1024M -Xms1024M -jar minecraft_server.jar nogui
2020-05-21 17:53:33 [INFO] Console commands:
2020-05-21 17:53:33 [INFO]    help  or  ?               shows this message
2020-05-21 17:53:33 [INFO]    kick <player>             removes a player from the server
2020-05-21 17:53:33 [INFO]    ban <player>              bans a player from the server
2020-05-21 17:53:33 [INFO]    pardon <player>           pardons a banned player so that they can connect again
2020-05-21 17:53:33 [INFO]    ban-ip <ip>               bans an IP address from the server
2020-05-21 17:53:33 [INFO]    pardon-ip <ip>            pardons a banned IP address so that they can connect again
2020-05-21 17:53:33 [INFO]    op <player>               turns a player into an op
2020-05-21 17:53:33 [INFO]    deop <player>             removes op status from a player
2020-05-21 17:53:33 [INFO]    tp <player1> <player2>    moves one player to the same location as another player
2020-05-21 17:53:33 [INFO]    give <player> <id> [num]  gives a player a resource
2020-05-21 17:53:33 [INFO]    tell <player> <message>   sends a private message to a player
2020-05-21 17:53:33 [INFO]    stop                      gracefully stops the server
2020-05-21 17:53:33 [INFO]    save-all                  forces a server-wide level save
2020-05-21 17:53:33 [INFO]    save-off                  disables terrain saving (useful for backup scripts)
2020-05-21 17:53:33 [INFO]    save-on                   re-enables terrain saving
2020-05-21 17:53:33 [INFO]    list                      lists all currently connected players
2020-05-21 17:53:33 [INFO]    say <message>             broadcasts a message to all players
2020-05-21 17:53:33 [INFO]    time <add|set> <amount>   adds to or sets the world time (0-24000)
2020-05-21 17:53:33 [INFO]    gamemode <player> <mode>  sets player's game mode (0 or 1)
2020-05-21 17:53:33 [INFO]    toggledownfall            toggles rain on or off
2020-05-21 17:53:33 [INFO]    xp <player> <amount>      gives the player the amount of xp (0-5000)
2020-05-21 17:53:52 [INFO] Connected players: MR_RED_, leg_fish
2020-05-21 17:54:46 [INFO] Unknown console command. Type "help" for help.
2020-05-21 17:54:48 [INFO] Connected players: MR_RED_, leg_fish
2020-05-21 17:57:04 [INFO] Disconnecting /84.50.220.139:49585: Protocol error
2020-05-21 17:57:04 [INFO] /84.50.220.139:49585 lost connection
2020-05-21 17:57:09 [INFO] Disconnecting /84.50.220.139:49587: Protocol error
2020-05-21 17:57:09 [INFO] /84.50.220.139:49587 lost connection
2020-05-21 17:57:11 [INFO] leg_fish issued server command: tp leg_fish MR_RED_
2020-05-21 17:57:11 [INFO] leg_fish: Teleporting leg_fish to MR_RED_.
2020-05-21 17:59:52 [INFO] MR_RED_ tried command: tp MR_RED_ leg_fish
2020-05-21 18:00:30 [INFO] leg_fish issued server command: tp  MR_RED_ leg_fish
2020-05-21 18:01:02 [INFO] leg_fish issued server command: tp MR_RED_ leg_fish
2020-05-21 18:01:02 [INFO] leg_fish: Teleporting MR_RED_ to leg_fish.
2020-05-21 18:01:07 [INFO] Disconnecting /84.50.220.139:49643: Protocol error
2020-05-21 18:01:07 [INFO] /84.50.220.139:49643 lost connection
2020-05-21 18:01:58 [INFO] Unknown console command. Type "help" for help.
2020-05-21 18:02:06 [INFO] CONSOLE: Forcing save..
2020-05-21 18:02:06 [INFO] CONSOLE: Save complete.
2020-05-21 18:02:23 [INFO] CONSOLE: Forcing save..
2020-05-21 18:02:23 [INFO] CONSOLE: Save complete.
2020-05-21 18:07:07 [INFO] Starting minecraft server version 1.2.5
2020-05-21 18:07:07 [INFO] Loading properties
2020-05-21 18:07:07 [INFO] Starting Minecraft server on *:25565
2020-05-21 18:07:07 [INFO] Preparing level "world"
2020-05-21 18:07:07 [INFO] Default game type: 0
2020-05-21 18:07:07 [INFO] Preparing start region for level 0
2020-05-21 18:07:08 [INFO] Done (0.793s)! For help, type "help" or "?"
2020-05-21 18:07:17 [INFO] To run the server without a gui, start it like this:
2020-05-21 18:07:17 [INFO]    java -Xmx1024M -Xms1024M -jar minecraft_server.jar nogui
2020-05-21 18:07:17 [INFO] Console commands:
2020-05-21 18:07:17 [INFO]    help  or  ?               shows this message
2020-05-21 18:07:17 [INFO]    kick <player>             removes a player from the server
2020-05-21 18:07:17 [INFO]    ban <player>              bans a player from the server
2020-05-21 18:07:17 [INFO]    pardon <player>           pardons a banned player so that they can connect again
2020-05-21 18:07:17 [INFO]    ban-ip <ip>               bans an IP address from the server
2020-05-21 18:07:17 [INFO]    pardon-ip <ip>            pardons a banned IP address so that they can connect again
2020-05-21 18:07:17 [INFO]    op <player>               turns a player into an op
2020-05-21 18:07:17 [INFO]    deop <player>             removes op status from a player
2020-05-21 18:07:17 [INFO]    tp <player1> <player2>    moves one player to the same location as another player
2020-05-21 18:07:17 [INFO]    give <player> <id> [num]  gives a player a resource
2020-05-21 18:07:17 [INFO]    tell <player> <message>   sends a private message to a player
2020-05-21 18:07:17 [INFO]    stop                      gracefully stops the server
2020-05-21 18:07:17 [INFO]    save-all                  forces a server-wide level save
2020-05-21 18:07:17 [INFO]    save-off                  disables terrain saving (useful for backup scripts)
2020-05-21 18:07:17 [INFO]    save-on                   re-enables terrain saving
2020-05-21 18:07:17 [INFO]    list                      lists all currently connected players
2020-05-21 18:07:17 [INFO]    say <message>             broadcasts a message to all players
2020-05-21 18:07:17 [INFO]    time <add|set> <amount>   adds to or sets the world time (0-24000)
2020-05-21 18:07:17 [INFO]    gamemode <player> <mode>  sets player's game mode (0 or 1)
2020-05-21 18:07:17 [INFO]    toggledownfall            toggles rain on or off
2020-05-21 18:07:17 [INFO]    xp <player> <amount>      gives the player the amount of xp (0-5000)
2020-05-21 18:07:33 [INFO] MR_RED_ [/90.190.27.123:51556] logged in with entity id 349 at (-22.46875, 37.0, 25.5)
2020-05-21 18:07:35 [INFO] leg_fish [/90.190.202.163:11452] logged in with entity id 423 at (-23.699999988079075, 37.0, 24.453624705862314)
2020-05-21 18:07:58 [INFO] Disconnecting /84.50.220.139:50551: Protocol error
2020-05-21 18:07:58 [INFO] /84.50.220.139:50551 lost connection
2020-05-21 18:08:09 [INFO] Disconnecting /84.50.220.139:50553: Protocol error
2020-05-21 18:08:09 [INFO] /84.50.220.139:50553 lost connection
2020-05-21 18:08:39 [INFO] leg_fish issued server command: tp leg_fish MR_RED_
2020-05-21 18:08:39 [INFO] leg_fish: Teleporting leg_fish to MR_RED_.
2020-05-21 18:09:34 [INFO] /84.50.220.139:50655 lost connection
2020-05-21 18:09:40 [INFO] leg_fish issued server command: tp MR_RED_ leg_fish
2020-05-21 18:09:40 [INFO] leg_fish: Teleporting MR_RED_ to leg_fish.
2020-05-21 18:11:35 [INFO] Disconnecting /84.50.220.139:50900: Protocol error
2020-05-21 18:11:35 [INFO] /84.50.220.139:50900 lost connection
2020-05-21 18:13:37 [INFO] /84.50.220.139:50966 lost connection
2020-05-21 18:15:41 [INFO] leg_fish issued server command: tp leg_fish MR_RED_
2020-05-21 18:15:41 [INFO] leg_fish: Teleporting leg_fish to MR_RED_.
2020-05-21 18:29:07 [INFO] /84.50.220.139:51955 lost connection
2020-05-21 18:41:38 [INFO] leg_fish lost connection: disconnect.quitting
2020-05-21 18:45:15 [INFO] CollegeStoner [/84.50.220.139:53293] logged in with entity id 32138 at (0.5, 79.62000000476837, 9.5)
2020-05-21 18:45:23 [INFO] leg_fish [/90.190.202.163:11506] logged in with entity id 32385 at (9.5, 81.0, -2.5)
2020-05-21 18:47:22 [INFO] CollegeStoner lost connection: disconnect.quitting
2020-05-21 18:47:25 [INFO] CollegeStoner [/84.50.220.139:53367] logged in with entity id 34097 at (2.770000394998487, 80.0, 5.261837014408012)
2020-05-21 18:53:21 [INFO] <MR_RED_> tra
2020-05-21 18:53:40 [INFO] CollegeStoner tried command: tp MR_RED_ collegestoner
2020-05-21 18:53:53 [INFO] To run the server without a gui, start it like this:
2020-05-21 18:53:53 [INFO]    java -Xmx1024M -Xms1024M -jar minecraft_server.jar nogui
2020-05-21 18:53:53 [INFO] Console commands:
2020-05-21 18:53:53 [INFO]    help  or  ?               shows this message
2020-05-21 18:53:53 [INFO]    kick <player>             removes a player from the server
2020-05-21 18:53:53 [INFO]    ban <player>              bans a player from the server
2020-05-21 18:53:53 [INFO]    pardon <player>           pardons a banned player so that they can connect again
2020-05-21 18:53:53 [INFO]    ban-ip <ip>               bans an IP address from the server
2020-05-21 18:53:53 [INFO]    pardon-ip <ip>            pardons a banned IP address so that they can connect again
2020-05-21 18:53:53 [INFO]    op <player>               turns a player into an op
2020-05-21 18:53:53 [INFO]    deop <player>             removes op status from a player
2020-05-21 18:53:53 [INFO]    tp <player1> <player2>    moves one player to the same location as another player
2020-05-21 18:53:53 [INFO]    give <player> <id> [num]  gives a player a resource
2020-05-21 18:53:53 [INFO]    tell <player> <message>   sends a private message to a player
2020-05-21 18:53:53 [INFO]    stop                      gracefully stops the server
2020-05-21 18:53:53 [INFO]    save-all                  forces a server-wide level save
2020-05-21 18:53:53 [INFO]    save-off                  disables terrain saving (useful for backup scripts)
2020-05-21 18:53:53 [INFO]    save-on                   re-enables terrain saving
2020-05-21 18:53:53 [INFO]    list                      lists all currently connected players
2020-05-21 18:53:53 [INFO]    say <message>             broadcasts a message to all players
2020-05-21 18:53:53 [INFO]    time <add|set> <amount>   adds to or sets the world time (0-24000)
2020-05-21 18:53:53 [INFO]    gamemode <player> <mode>  sets player's game mode (0 or 1)
2020-05-21 18:53:53 [INFO]    toggledownfall            toggles rain on or off
2020-05-21 18:53:53 [INFO]    xp <player> <amount>      gives the player the amount of xp (0-5000)
2020-05-21 18:54:03 [INFO] CONSOLE: Opping collegestoner
2020-05-21 18:54:12 [INFO] leg_fish issued server command: tp MR_RED_ leg_fish
2020-05-21 18:54:12 [INFO] leg_fish: Teleporting MR_RED_ to leg_fish.
2020-05-21 18:54:14 [INFO] CONSOLE: Opping MR_RED_
2020-05-21 18:57:55 [INFO] CollegeStoner issued server command: tp collegestoner leg_fish
2020-05-21 18:57:55 [INFO] CollegeStoner: Teleporting collegestoner to leg_fish.
2020-05-21 18:58:42 [INFO] CollegeStoner issued server command: tp leg_fish collegestoner
2020-05-21 18:58:42 [INFO] CollegeStoner: Teleporting leg_fish to collegestoner.
2020-05-21 19:12:19 [INFO] CollegeStoner issued server command: tp collegestoner leg_fish
2020-05-21 19:12:19 [INFO] CollegeStoner: Teleporting collegestoner to leg_fish.
2020-05-21 19:44:18 [INFO] Toggling rain and snow, hold on...
2020-05-21 19:48:13 [INFO] CollegeStoner issued server command: tp collegestoner leg_fish
2020-05-21 19:48:13 [INFO] CollegeStoner: Teleporting collegestoner to leg_fish.
2020-05-21 20:04:13 [INFO] Unknown console command. Type "help" for help.
2020-05-21 20:04:17 [INFO] CONSOLE: Forcing save..
2020-05-21 20:04:17 [INFO] CONSOLE: Save complete.
2020-05-21 20:04:20 [INFO] MR_RED_ issued server command: tp MR_RED_ collegestoner
2020-05-21 20:04:20 [INFO] MR_RED_: Teleporting MR_RED_ to collegestoner.
2020-05-21 20:04:20 [INFO] leg_fish lost connection: disconnect.quitting
2020-05-24 15:55:15 [INFO] Starting minecraft server version 1.2.5
2020-05-24 15:55:15 [INFO] Loading properties
2020-05-24 15:55:15 [INFO] Starting Minecraft server on *:25565
2020-05-24 15:55:15 [INFO] Preparing level "world"
2020-05-24 15:55:15 [INFO] Default game type: 0
2020-05-24 15:55:15 [INFO] Preparing start region for level 0
2020-05-24 15:55:16 [INFO] Done (0.827s)! For help, type "help" or "?"
2020-05-24 15:56:17 [INFO] CollegeStoner [/84.50.220.139:49478] logged in with entity id 355 at (-34.575411897741326, 86.0, 142.07815244469126)
2020-05-24 15:58:43 [INFO] leg_fish [/90.190.202.163:14240] logged in with entity id 1636 at (-32.67254592250803, 86.0, 144.47286016435166)
2020-05-24 16:02:38 [INFO] <CollegeStoner> tp collegestoner leg_fish
2020-05-24 16:02:50 [INFO] CollegeStoner issued server command: tp collegestoner leg_fish
2020-05-24 16:02:50 [INFO] CollegeStoner: Teleporting collegestoner to leg_fish.
2020-05-24 16:40:14 [INFO] Unknown console command. Type "help" for help.
2020-05-24 16:40:17 [INFO] To run the server without a gui, start it like this:
2020-05-24 16:40:17 [INFO]    java -Xmx1024M -Xms1024M -jar minecraft_server.jar nogui
2020-05-24 16:40:17 [INFO] Console commands:
2020-05-24 16:40:17 [INFO]    help  or  ?               shows this message
2020-05-24 16:40:17 [INFO]    kick <player>             removes a player from the server
2020-05-24 16:40:17 [INFO]    ban <player>              bans a player from the server
2020-05-24 16:40:17 [INFO]    pardon <player>           pardons a banned player so that they can connect again
2020-05-24 16:40:17 [INFO]    ban-ip <ip>               bans an IP address from the server
2020-05-24 16:40:17 [INFO]    pardon-ip <ip>            pardons a banned IP address so that they can connect again
2020-05-24 16:40:17 [INFO]    op <player>               turns a player into an op
2020-05-24 16:40:17 [INFO]    deop <player>             removes op status from a player
2020-05-24 16:40:17 [INFO]    tp <player1> <player2>    moves one player to the same location as another player
2020-05-24 16:40:17 [INFO]    give <player> <id> [num]  gives a player a resource
2020-05-24 16:40:17 [INFO]    tell <player> <message>   sends a private message to a player
2020-05-24 16:40:17 [INFO]    stop                      gracefully stops the server
2020-05-24 16:40:17 [INFO]    save-all                  forces a server-wide level save
2020-05-24 16:40:17 [INFO]    save-off                  disables terrain saving (useful for backup scripts)
2020-05-24 16:40:17 [INFO]    save-on                   re-enables terrain saving
2020-05-24 16:40:17 [INFO]    list                      lists all currently connected players
2020-05-24 16:40:17 [INFO]    say <message>             broadcasts a message to all players
2020-05-24 16:40:17 [INFO]    time <add|set> <amount>   adds to or sets the world time (0-24000)
2020-05-24 16:40:17 [INFO]    gamemode <player> <mode>  sets player's game mode (0 or 1)
2020-05-24 16:40:17 [INFO]    toggledownfall            toggles rain on or off
2020-05-24 16:40:17 [INFO]    xp <player> <amount>      gives the player the amount of xp (0-5000)
2020-05-24 16:41:02 [INFO] Unknown console command. Type "help" for help.
2020-05-24 16:41:17 [INFO] CONSOLE: Set time to 1000
2020-05-24 16:41:31 [INFO] Unknown console command. Type "help" for help.
2020-05-24 16:41:37 [INFO] CONSOLE: Set time to 0
2020-05-24 16:42:00 [INFO] CONSOLE: Set time to 20000
2020-05-24 16:42:31 [INFO] CollegeStoner issued server command: time set 0
2020-05-24 16:42:31 [INFO] CollegeStoner: Set time to 0
2020-05-24 16:55:41 [INFO] leg_fish issued server command: give LEG_FISH 64 46
2020-05-24 16:55:41 [INFO] leg_fish: Giving leg_fish some 64
2020-05-24 16:55:54 [INFO] leg_fish issued server command: give LEG_FISH 46 64
2020-05-24 16:55:54 [INFO] leg_fish: Giving leg_fish some 46
2020-05-24 17:20:22 [INFO] Unknown console command. Type "help" for help.
2020-05-24 17:20:31 [INFO] To run the server without a gui, start it like this:
2020-05-24 17:20:31 [INFO]    java -Xmx1024M -Xms1024M -jar minecraft_server.jar nogui
2020-05-24 17:20:31 [INFO] Console commands:
2020-05-24 17:20:31 [INFO]    help  or  ?               shows this message
2020-05-24 17:20:31 [INFO]    kick <player>             removes a player from the server
2020-05-24 17:20:31 [INFO]    ban <player>              bans a player from the server
2020-05-24 17:20:31 [INFO]    pardon <player>           pardons a banned player so that they can connect again
2020-05-24 17:20:31 [INFO]    ban-ip <ip>               bans an IP address from the server
2020-05-24 17:20:31 [INFO]    pardon-ip <ip>            pardons a banned IP address so that they can connect again
2020-05-24 17:20:31 [INFO]    op <player>               turns a player into an op
2020-05-24 17:20:31 [INFO]    deop <player>             removes op status from a player
2020-05-24 17:20:31 [INFO]    tp <player1> <player2>    moves one player to the same location as another player
2020-05-24 17:20:31 [INFO]    give <player> <id> [num]  gives a player a resource
2020-05-24 17:20:31 [INFO]    tell <player> <message>   sends a private message to a player
2020-05-24 17:20:31 [INFO]    stop                      gracefully stops the server
2020-05-24 17:20:31 [INFO]    save-all                  forces a server-wide level save
2020-05-24 17:20:31 [INFO]    save-off                  disables terrain saving (useful for backup scripts)
2020-05-24 17:20:31 [INFO]    save-on                   re-enables terrain saving
2020-05-24 17:20:31 [INFO]    list                      lists all currently connected players
2020-05-24 17:20:31 [INFO]    say <message>             broadcasts a message to all players
2020-05-24 17:20:31 [INFO]    time <add|set> <amount>   adds to or sets the world time (0-24000)
2020-05-24 17:20:31 [INFO]    gamemode <player> <mode>  sets player's game mode (0 or 1)
2020-05-24 17:20:31 [INFO]    toggledownfall            toggles rain on or off
2020-05-24 17:20:31 [INFO]    xp <player> <amount>      gives the player the amount of xp (0-5000)
2020-05-24 17:20:47 [INFO] Unknown console command. Type "help" for help.
2020-05-24 17:20:56 [INFO] Toggling rain and snow, hold on...
2020-05-24 17:23:41 [INFO] CollegeStoner issued server command: tp collegestoner leg_fish
2020-05-24 17:23:41 [INFO] CollegeStoner: Teleporting collegestoner to leg_fish.
2020-05-24 17:26:53 [WARNING] Can't keep up! Did the system time change, or is the server overloaded?
2020-05-24 17:35:37 [INFO] leg_fish issued server command: tp collegestoner leg_fish
2020-05-24 17:36:00 [INFO] leg_fish issued server command: tp collegestoner leg_fish
2020-05-24 17:36:00 [INFO] leg_fish: Teleporting collegestoner to leg_fish.
2020-05-24 17:36:20 [INFO] CONSOLE: Forcing save..
2020-05-24 17:36:20 [INFO] CONSOLE: Save complete.
2020-05-24 17:36:30 [INFO] Unknown console command. Type "help" for help.
2020-05-24 17:36:30 [INFO] leg_fish lost connection: disconnect.quitting
2020-05-24 17:36:34 [INFO] CONSOLE: Forcing save..
2020-05-24 17:36:34 [INFO] CONSOLE: Save complete.
2020-05-24 17:36:37 [INFO] CollegeStoner lost connection: disconnect.quitting
